nohup: ignoring input
running on cuda:0
  0%|          | 0/1498 [00:00<?, ?it/s]  0%|          | 1/1498 [00:06<2:37:17,  6.30s/it]  7%|▋         | 105/1498 [00:06<01:00, 23.20it/s] 14%|█▍        | 208/1498 [00:06<00:23, 54.09it/s] 20%|██        | 305/1498 [00:06<00:12, 92.54it/s] 26%|██▌       | 392/1498 [00:06<00:08, 136.51it/s] 36%|███▌      | 532/1498 [00:06<00:04, 230.99it/s] 44%|████▍     | 662/1498 [00:06<00:02, 334.14it/s] 54%|█████▎    | 802/1498 [00:07<00:01, 463.26it/s] 62%|██████▏   | 935/1498 [00:07<00:00, 591.09it/s] 71%|███████   | 1061/1498 [00:07<00:00, 705.51it/s] 79%|███████▉  | 1186/1498 [00:07<00:00, 812.98it/s] 88%|████████▊ | 1319/1498 [00:07<00:00, 926.89it/s] 97%|█████████▋| 1447/1498 [00:07<00:00, 1005.72it/s]100%|██████████| 1498/1498 [00:07<00:00, 199.20it/s] 
tensor(15, device='cuda:0')
tensor(15, device='cuda:0')
tensor(15, device='cuda:0')
tensor(92, device='cuda:0')
tensor(92, device='cuda:0')
tensor(92, device='cuda:0')
HetDDI(
  (kg): HGNN(
    (dropout): Dropout(p=0.2, inplace=False)
    (node_embedding): Embedding(98744, 300)
    (gat_layers): ModuleList(
      (0): HetConv(
        (edge_embedding): Embedding(109, 300)
        (bn): Sequential(
          (0): Linear(in_features=300, out_features=300, bias=True)
          (1): BatchNorm1d(300, eps=1e-05, momentum=0.1, affine=True, track_running_stats=True)
        )
        (leaky_relu): LeakyReLU(negative_slope=0.02)
      )
      (1): HetConv(
        (edge_embedding): Embedding(109, 300)
        (bn): Sequential(
          (0): Linear(in_features=300, out_features=300, bias=True)
          (1): BatchNorm1d(300, eps=1e-05, momentum=0.1, affine=True, track_running_stats=True)
        )
        (leaky_relu): LeakyReLU(negative_slope=0.02)
      )
      (2): HetConv(
        (edge_embedding): Embedding(109, 300)
        (bn): Sequential(
          (0): Linear(in_features=300, out_features=300, bias=True)
          (1): BatchNorm1d(300, eps=1e-05, momentum=0.1, affine=True, track_running_stats=True)
        )
        (leaky_relu): LeakyReLU(negative_slope=0.02)
      )
    )
  )
  (kg_fc): Sequential(
    (0): Linear(in_features=300, out_features=300, bias=True)
    (1): BatchNorm1d(300, eps=1e-05, momentum=0.1, affine=True, track_running_stats=True)
    (2): Dropout(p=0.1, inplace=False)
    (3): ReLU()
    (4): Linear(in_features=300, out_features=300, bias=True)
    (5): BatchNorm1d(300, eps=1e-05, momentum=0.1, affine=True, track_running_stats=True)
    (6): Dropout(p=0.1, inplace=False)
    (7): ReLU()
    (8): Linear(in_features=300, out_features=300, bias=True)
    (9): BatchNorm1d(300, eps=1e-05, momentum=0.1, affine=True, track_running_stats=True)
    (10): Dropout(p=0.1, inplace=False)
    (11): ReLU()
  )
  (mol): Mol(
    (readout): AvgPooling()
    (gnn): HGNN(
      (dropout): Dropout(p=0.2, inplace=False)
      (node_embedding): Embedding(83998, 300)
      (gat_layers): ModuleList(
        (0): HetConv(
          (edge_embedding): Embedding(5, 300)
          (bn): Sequential(
            (0): Linear(in_features=300, out_features=300, bias=True)
            (1): BatchNorm1d(300, eps=1e-05, momentum=0.1, affine=True, track_running_stats=True)
          )
          (leaky_relu): LeakyReLU(negative_slope=0.02)
        )
        (1): HetConv(
          (edge_embedding): Embedding(5, 300)
          (bn): Sequential(
            (0): Linear(in_features=300, out_features=300, bias=True)
            (1): BatchNorm1d(300, eps=1e-05, momentum=0.1, affine=True, track_running_stats=True)
          )
          (leaky_relu): LeakyReLU(negative_slope=0.02)
        )
        (2): HetConv(
          (edge_embedding): Embedding(5, 300)
          (bn): Sequential(
            (0): Linear(in_features=300, out_features=300, bias=True)
            (1): BatchNorm1d(300, eps=1e-05, momentum=0.1, affine=True, track_running_stats=True)
          )
          (leaky_relu): LeakyReLU(negative_slope=0.02)
        )
      )
    )
  )
  (mol_fc): Sequential(
    (0): Linear(in_features=300, out_features=300, bias=True)
    (1): BatchNorm1d(300, eps=1e-05, momentum=0.1, affine=True, track_running_stats=True)
    (2): Dropout(p=0.1, inplace=False)
    (3): ReLU()
    (4): Linear(in_features=300, out_features=300, bias=True)
    (5): BatchNorm1d(300, eps=1e-05, momentum=0.1, affine=True, track_running_stats=True)
    (6): Dropout(p=0.1, inplace=False)
    (7): ReLU()
    (8): Linear(in_features=300, out_features=300, bias=True)
    (9): BatchNorm1d(300, eps=1e-05, momentum=0.1, affine=True, track_running_stats=True)
    (10): Dropout(p=0.1, inplace=False)
    (11): ReLU()
  )
  (decoder): Mlp(
    (fc_layer): Sequential(
      (0): Linear(in_features=1200, out_features=1200, bias=True)
      (1): BatchNorm1d(1200, eps=1e-05, momentum=0.1, affine=True, track_running_stats=True)
      (2): ReLU()
      (3): Dropout(p=0.5, inplace=False)
      (4): Linear(in_features=1200, out_features=1200, bias=True)
      (5): BatchNorm1d(1200, eps=1e-05, momentum=0.1, affine=True, track_running_stats=True)
      (6): ReLU()
      (7): Dropout(p=0.5, inplace=False)
      (8): Linear(in_features=1200, out_features=1200, bias=True)
      (9): BatchNorm1d(1200, eps=1e-05, momentum=0.1, affine=True, track_running_stats=True)
      (10): ReLU()
      (11): Dropout(p=0.5, inplace=False)
    )
    (output_layer): Sequential(
      (0): Linear(in_features=1200, out_features=86, bias=False)
    )
  )
)
../aten/src/ATen/native/cuda/IndexKernel.cu:92: operator(): block: [201,0,0], thread: [32,0,0] Assertion `index >= -sizes[i] && index < sizes[i] && "index out of bounds"` failed.
../aten/src/ATen/native/cuda/IndexKernel.cu:92: operator(): block: [201,0,0], thread: [33,0,0] Assertion `index >= -sizes[i] && index < sizes[i] && "index out of bounds"` failed.
../aten/src/ATen/native/cuda/IndexKernel.cu:92: operator(): block: [201,0,0], thread: [34,0,0] Assertion `index >= -sizes[i] && index < sizes[i] && "index out of bounds"` failed.
../aten/src/ATen/native/cuda/IndexKernel.cu:92: operator(): block: [201,0,0], thread: [35,0,0] Assertion `index >= -sizes[i] && index < sizes[i] && "index out of bounds"` failed.
../aten/src/ATen/native/cuda/IndexKernel.cu:92: operator(): block: [201,0,0], thread: [36,0,0] Assertion `index >= -sizes[i] && index < sizes[i] && "index out of bounds"` failed.
../aten/src/ATen/native/cuda/IndexKernel.cu:92: operator(): block: [201,0,0], thread: [37,0,0] Assertion `index >= -sizes[i] && index < sizes[i] && "index out of bounds"` failed.
../aten/src/ATen/native/cuda/IndexKernel.cu:92: operator(): block: [201,0,0], thread: [38,0,0] Assertion `index >= -sizes[i] && index < sizes[i] && "index out of bounds"` failed.
../aten/src/ATen/native/cuda/IndexKernel.cu:92: operator(): block: [201,0,0], thread: [39,0,0] Assertion `index >= -sizes[i] && index < sizes[i] && "index out of bounds"` failed.
../aten/src/ATen/native/cuda/IndexKernel.cu:92: operator(): block: [201,0,0], thread: [40,0,0] Assertion `index >= -sizes[i] && index < sizes[i] && "index out of bounds"` failed.
../aten/src/ATen/native/cuda/IndexKernel.cu:92: operator(): block: [201,0,0], thread: [41,0,0] Assertion `index >= -sizes[i] && index < sizes[i] && "index out of bounds"` failed.
../aten/src/ATen/native/cuda/IndexKernel.cu:92: operator(): block: [201,0,0], thread: [42,0,0] Assertion `index >= -sizes[i] && index < sizes[i] && "index out of bounds"` failed.
../aten/src/ATen/native/cuda/IndexKernel.cu:92: operator(): block: [201,0,0], thread: [43,0,0] Assertion `index >= -sizes[i] && index < sizes[i] && "index out of bounds"` failed.
../aten/src/ATen/native/cuda/IndexKernel.cu:92: operator(): block: [201,0,0], thread: [44,0,0] Assertion `index >= -sizes[i] && index < sizes[i] && "index out of bounds"` failed.
../aten/src/ATen/native/cuda/IndexKernel.cu:92: operator(): block: [201,0,0], thread: [45,0,0] Assertion `index >= -sizes[i] && index < sizes[i] && "index out of bounds"` failed.
../aten/src/ATen/native/cuda/IndexKernel.cu:92: operator(): block: [201,0,0], thread: [46,0,0] Assertion `index >= -sizes[i] && index < sizes[i] && "index out of bounds"` failed.
../aten/src/ATen/native/cuda/IndexKernel.cu:92: operator(): block: [201,0,0], thread: [47,0,0] Assertion `index >= -sizes[i] && index < sizes[i] && "index out of bounds"` failed.
../aten/src/ATen/native/cuda/IndexKernel.cu:92: operator(): block: [201,0,0], thread: [48,0,0] Assertion `index >= -sizes[i] && index < sizes[i] && "index out of bounds"` failed.
../aten/src/ATen/native/cuda/IndexKernel.cu:92: operator(): block: [201,0,0], thread: [49,0,0] Assertion `index >= -sizes[i] && index < sizes[i] && "index out of bounds"` failed.
../aten/src/ATen/native/cuda/IndexKernel.cu:92: operator(): block: [201,0,0], thread: [50,0,0] Assertion `index >= -sizes[i] && index < sizes[i] && "index out of bounds"` failed.
../aten/src/ATen/native/cuda/IndexKernel.cu:92: operator(): block: [201,0,0], thread: [51,0,0] Assertion `index >= -sizes[i] && index < sizes[i] && "index out of bounds"` failed.
../aten/src/ATen/native/cuda/IndexKernel.cu:92: operator(): block: [201,0,0], thread: [52,0,0] Assertion `index >= -sizes[i] && index < sizes[i] && "index out of bounds"` failed.
../aten/src/ATen/native/cuda/IndexKernel.cu:92: operator(): block: [201,0,0], thread: [53,0,0] Assertion `index >= -sizes[i] && index < sizes[i] && "index out of bounds"` failed.
../aten/src/ATen/native/cuda/IndexKernel.cu:92: operator(): block: [201,0,0], thread: [54,0,0] Assertion `index >= -sizes[i] && index < sizes[i] && "index out of bounds"` failed.
../aten/src/ATen/native/cuda/IndexKernel.cu:92: operator(): block: [201,0,0], thread: [55,0,0] Assertion `index >= -sizes[i] && index < sizes[i] && "index out of bounds"` failed.
../aten/src/ATen/native/cuda/IndexKernel.cu:92: operator(): block: [201,0,0], thread: [56,0,0] Assertion `index >= -sizes[i] && index < sizes[i] && "index out of bounds"` failed.
../aten/src/ATen/native/cuda/IndexKernel.cu:92: operator(): block: [201,0,0], thread: [57,0,0] Assertion `index >= -sizes[i] && index < sizes[i] && "index out of bounds"` failed.
../aten/src/ATen/native/cuda/IndexKernel.cu:92: operator(): block: [201,0,0], thread: [58,0,0] Assertion `index >= -sizes[i] && index < sizes[i] && "index out of bounds"` failed.
../aten/src/ATen/native/cuda/IndexKernel.cu:92: operator(): block: [201,0,0], thread: [59,0,0] Assertion `index >= -sizes[i] && index < sizes[i] && "index out of bounds"` failed.
../aten/src/ATen/native/cuda/IndexKernel.cu:92: operator(): block: [201,0,0], thread: [60,0,0] Assertion `index >= -sizes[i] && index < sizes[i] && "index out of bounds"` failed.
../aten/src/ATen/native/cuda/IndexKernel.cu:92: operator(): block: [201,0,0], thread: [61,0,0] Assertion `index >= -sizes[i] && index < sizes[i] && "index out of bounds"` failed.
../aten/src/ATen/native/cuda/IndexKernel.cu:92: operator(): block: [201,0,0], thread: [62,0,0] Assertion `index >= -sizes[i] && index < sizes[i] && "index out of bounds"` failed.
../aten/src/ATen/native/cuda/IndexKernel.cu:92: operator(): block: [201,0,0], thread: [63,0,0] Assertion `index >= -sizes[i] && index < sizes[i] && "index out of bounds"` failed.
../aten/src/ATen/native/cuda/IndexKernel.cu:92: operator(): block: [239,0,0], thread: [96,0,0] Assertion `index >= -sizes[i] && index < sizes[i] && "index out of bounds"` failed.
../aten/src/ATen/native/cuda/IndexKernel.cu:92: operator(): block: [239,0,0], thread: [97,0,0] Assertion `index >= -sizes[i] && index < sizes[i] && "index out of bounds"` failed.
../aten/src/ATen/native/cuda/IndexKernel.cu:92: operator(): block: [239,0,0], thread: [98,0,0] Assertion `index >= -sizes[i] && index < sizes[i] && "index out of bounds"` failed.
../aten/src/ATen/native/cuda/IndexKernel.cu:92: operator(): block: [239,0,0], thread: [99,0,0] Assertion `index >= -sizes[i] && index < sizes[i] && "index out of bounds"` failed.
../aten/src/ATen/native/cuda/IndexKernel.cu:92: operator(): block: [239,0,0], thread: [100,0,0] Assertion `index >= -sizes[i] && index < sizes[i] && "index out of bounds"` failed.
../aten/src/ATen/native/cuda/IndexKernel.cu:92: operator(): block: [239,0,0], thread: [101,0,0] Assertion `index >= -sizes[i] && index < sizes[i] && "index out of bounds"` failed.
../aten/src/ATen/native/cuda/IndexKernel.cu:92: operator(): block: [239,0,0], thread: [102,0,0] Assertion `index >= -sizes[i] && index < sizes[i] && "index out of bounds"` failed.
../aten/src/ATen/native/cuda/IndexKernel.cu:92: operator(): block: [239,0,0], thread: [103,0,0] Assertion `index >= -sizes[i] && index < sizes[i] && "index out of bounds"` failed.
../aten/src/ATen/native/cuda/IndexKernel.cu:92: operator(): block: [239,0,0], thread: [104,0,0] Assertion `index >= -sizes[i] && index < sizes[i] && "index out of bounds"` failed.
../aten/src/ATen/native/cuda/IndexKernel.cu:92: operator(): block: [239,0,0], thread: [105,0,0] Assertion `index >= -sizes[i] && index < sizes[i] && "index out of bounds"` failed.
../aten/src/ATen/native/cuda/IndexKernel.cu:92: operator(): block: [239,0,0], thread: [106,0,0] Assertion `index >= -sizes[i] && index < sizes[i] && "index out of bounds"` failed.
../aten/src/ATen/native/cuda/IndexKernel.cu:92: operator(): block: [239,0,0], thread: [107,0,0] Assertion `index >= -sizes[i] && index < sizes[i] && "index out of bounds"` failed.
../aten/src/ATen/native/cuda/IndexKernel.cu:92: operator(): block: [239,0,0], thread: [108,0,0] Assertion `index >= -sizes[i] && index < sizes[i] && "index out of bounds"` failed.
../aten/src/ATen/native/cuda/IndexKernel.cu:92: operator(): block: [239,0,0], thread: [109,0,0] Assertion `index >= -sizes[i] && index < sizes[i] && "index out of bounds"` failed.
../aten/src/ATen/native/cuda/IndexKernel.cu:92: operator(): block: [239,0,0], thread: [110,0,0] Assertion `index >= -sizes[i] && index < sizes[i] && "index out of bounds"` failed.
../aten/src/ATen/native/cuda/IndexKernel.cu:92: operator(): block: [239,0,0], thread: [111,0,0] Assertion `index >= -sizes[i] && index < sizes[i] && "index out of bounds"` failed.
../aten/src/ATen/native/cuda/IndexKernel.cu:92: operator(): block: [239,0,0], thread: [112,0,0] Assertion `index >= -sizes[i] && index < sizes[i] && "index out of bounds"` failed.
../aten/src/ATen/native/cuda/IndexKernel.cu:92: operator(): block: [239,0,0], thread: [113,0,0] Assertion `index >= -sizes[i] && index < sizes[i] && "index out of bounds"` failed.
../aten/src/ATen/native/cuda/IndexKernel.cu:92: operator(): block: [239,0,0], thread: [114,0,0] Assertion `index >= -sizes[i] && index < sizes[i] && "index out of bounds"` failed.
../aten/src/ATen/native/cuda/IndexKernel.cu:92: operator(): block: [239,0,0], thread: [115,0,0] Assertion `index >= -sizes[i] && index < sizes[i] && "index out of bounds"` failed.
../aten/src/ATen/native/cuda/IndexKernel.cu:92: operator(): block: [239,0,0], thread: [116,0,0] Assertion `index >= -sizes[i] && index < sizes[i] && "index out of bounds"` failed.
../aten/src/ATen/native/cuda/IndexKernel.cu:92: operator(): block: [239,0,0], thread: [117,0,0] Assertion `index >= -sizes[i] && index < sizes[i] && "index out of bounds"` failed.
../aten/src/ATen/native/cuda/IndexKernel.cu:92: operator(): block: [239,0,0], thread: [118,0,0] Assertion `index >= -sizes[i] && index < sizes[i] && "index out of bounds"` failed.
../aten/src/ATen/native/cuda/IndexKernel.cu:92: operator(): block: [239,0,0], thread: [119,0,0] Assertion `index >= -sizes[i] && index < sizes[i] && "index out of bounds"` failed.
../aten/src/ATen/native/cuda/IndexKernel.cu:92: operator(): block: [239,0,0], thread: [120,0,0] Assertion `index >= -sizes[i] && index < sizes[i] && "index out of bounds"` failed.
../aten/src/ATen/native/cuda/IndexKernel.cu:92: operator(): block: [239,0,0], thread: [121,0,0] Assertion `index >= -sizes[i] && index < sizes[i] && "index out of bounds"` failed.
../aten/src/ATen/native/cuda/IndexKernel.cu:92: operator(): block: [239,0,0], thread: [122,0,0] Assertion `index >= -sizes[i] && index < sizes[i] && "index out of bounds"` failed.
../aten/src/ATen/native/cuda/IndexKernel.cu:92: operator(): block: [239,0,0], thread: [123,0,0] Assertion `index >= -sizes[i] && index < sizes[i] && "index out of bounds"` failed.
../aten/src/ATen/native/cuda/IndexKernel.cu:92: operator(): block: [239,0,0], thread: [124,0,0] Assertion `index >= -sizes[i] && index < sizes[i] && "index out of bounds"` failed.
../aten/src/ATen/native/cuda/IndexKernel.cu:92: operator(): block: [239,0,0], thread: [125,0,0] Assertion `index >= -sizes[i] && index < sizes[i] && "index out of bounds"` failed.
../aten/src/ATen/native/cuda/IndexKernel.cu:92: operator(): block: [239,0,0], thread: [126,0,0] Assertion `index >= -sizes[i] && index < sizes[i] && "index out of bounds"` failed.
../aten/src/ATen/native/cuda/IndexKernel.cu:92: operator(): block: [239,0,0], thread: [127,0,0] Assertion `index >= -sizes[i] && index < sizes[i] && "index out of bounds"` failed.
../aten/src/ATen/native/cuda/IndexKernel.cu:92: operator(): block: [201,0,0], thread: [64,0,0] Assertion `index >= -sizes[i] && index < sizes[i] && "index out of bounds"` failed.
../aten/src/ATen/native/cuda/IndexKernel.cu:92: operator(): block: [201,0,0], thread: [65,0,0] Assertion `index >= -sizes[i] && index < sizes[i] && "index out of bounds"` failed.
../aten/src/ATen/native/cuda/IndexKernel.cu:92: operator(): block: [201,0,0], thread: [66,0,0] Assertion `index >= -sizes[i] && index < sizes[i] && "index out of bounds"` failed.
../aten/src/ATen/native/cuda/IndexKernel.cu:92: operator(): block: [201,0,0], thread: [67,0,0] Assertion `index >= -sizes[i] && index < sizes[i] && "index out of bounds"` failed.
../aten/src/ATen/native/cuda/IndexKernel.cu:92: operator(): block: [201,0,0], thread: [68,0,0] Assertion `index >= -sizes[i] && index < sizes[i] && "index out of bounds"` failed.
../aten/src/ATen/native/cuda/IndexKernel.cu:92: operator(): block: [201,0,0], thread: [69,0,0] Assertion `index >= -sizes[i] && index < sizes[i] && "index out of bounds"` failed.
../aten/src/ATen/native/cuda/IndexKernel.cu:92: operator(): block: [201,0,0], thread: [70,0,0] Assertion `index >= -sizes[i] && index < sizes[i] && "index out of bounds"` failed.
../aten/src/ATen/native/cuda/IndexKernel.cu:92: operator(): block: [201,0,0], thread: [71,0,0] Assertion `index >= -sizes[i] && index < sizes[i] && "index out of bounds"` failed.
../aten/src/ATen/native/cuda/IndexKernel.cu:92: operator(): block: [201,0,0], thread: [72,0,0] Assertion `index >= -sizes[i] && index < sizes[i] && "index out of bounds"` failed.
../aten/src/ATen/native/cuda/IndexKernel.cu:92: operator(): block: [201,0,0], thread: [73,0,0] Assertion `index >= -sizes[i] && index < sizes[i] && "index out of bounds"` failed.
../aten/src/ATen/native/cuda/IndexKernel.cu:92: operator(): block: [201,0,0], thread: [74,0,0] Assertion `index >= -sizes[i] && index < sizes[i] && "index out of bounds"` failed.
../aten/src/ATen/native/cuda/IndexKernel.cu:92: operator(): block: [201,0,0], thread: [75,0,0] Assertion `index >= -sizes[i] && index < sizes[i] && "index out of bounds"` failed.
../aten/src/ATen/native/cuda/IndexKernel.cu:92: operator(): block: [201,0,0], thread: [76,0,0] Assertion `index >= -sizes[i] && index < sizes[i] && "index out of bounds"` failed.
../aten/src/ATen/native/cuda/IndexKernel.cu:92: operator(): block: [201,0,0], thread: [77,0,0] Assertion `index >= -sizes[i] && index < sizes[i] && "index out of bounds"` failed.
../aten/src/ATen/native/cuda/IndexKernel.cu:92: operator(): block: [201,0,0], thread: [78,0,0] Assertion `index >= -sizes[i] && index < sizes[i] && "index out of bounds"` failed.
../aten/src/ATen/native/cuda/IndexKernel.cu:92: operator(): block: [201,0,0], thread: [79,0,0] Assertion `index >= -sizes[i] && index < sizes[i] && "index out of bounds"` failed.
../aten/src/ATen/native/cuda/IndexKernel.cu:92: operator(): block: [201,0,0], thread: [80,0,0] Assertion `index >= -sizes[i] && index < sizes[i] && "index out of bounds"` failed.
../aten/src/ATen/native/cuda/IndexKernel.cu:92: operator(): block: [201,0,0], thread: [81,0,0] Assertion `index >= -sizes[i] && index < sizes[i] && "index out of bounds"` failed.
../aten/src/ATen/native/cuda/IndexKernel.cu:92: operator(): block: [201,0,0], thread: [82,0,0] Assertion `index >= -sizes[i] && index < sizes[i] && "index out of bounds"` failed.
../aten/src/ATen/native/cuda/IndexKernel.cu:92: operator(): block: [201,0,0], thread: [83,0,0] Assertion `index >= -sizes[i] && index < sizes[i] && "index out of bounds"` failed.
../aten/src/ATen/native/cuda/IndexKernel.cu:92: operator(): block: [201,0,0], thread: [84,0,0] Assertion `index >= -sizes[i] && index < sizes[i] && "index out of bounds"` failed.
../aten/src/ATen/native/cuda/IndexKernel.cu:92: operator(): block: [201,0,0], thread: [85,0,0] Assertion `index >= -sizes[i] && index < sizes[i] && "index out of bounds"` failed.
../aten/src/ATen/native/cuda/IndexKernel.cu:92: operator(): block: [201,0,0], thread: [86,0,0] Assertion `index >= -sizes[i] && index < sizes[i] && "index out of bounds"` failed.
../aten/src/ATen/native/cuda/IndexKernel.cu:92: operator(): block: [201,0,0], thread: [87,0,0] Assertion `index >= -sizes[i] && index < sizes[i] && "index out of bounds"` failed.
../aten/src/ATen/native/cuda/IndexKernel.cu:92: operator(): block: [201,0,0], thread: [88,0,0] Assertion `index >= -sizes[i] && index < sizes[i] && "index out of bounds"` failed.
../aten/src/ATen/native/cuda/IndexKernel.cu:92: operator(): block: [201,0,0], thread: [89,0,0] Assertion `index >= -sizes[i] && index < sizes[i] && "index out of bounds"` failed.
../aten/src/ATen/native/cuda/IndexKernel.cu:92: operator(): block: [201,0,0], thread: [90,0,0] Assertion `index >= -sizes[i] && index < sizes[i] && "index out of bounds"` failed.
../aten/src/ATen/native/cuda/IndexKernel.cu:92: operator(): block: [201,0,0], thread: [91,0,0] Assertion `index >= -sizes[i] && index < sizes[i] && "index out of bounds"` failed.
../aten/src/ATen/native/cuda/IndexKernel.cu:92: operator(): block: [201,0,0], thread: [92,0,0] Assertion `index >= -sizes[i] && index < sizes[i] && "index out of bounds"` failed.
../aten/src/ATen/native/cuda/IndexKernel.cu:92: operator(): block: [201,0,0], thread: [93,0,0] Assertion `index >= -sizes[i] && index < sizes[i] && "index out of bounds"` failed.
../aten/src/ATen/native/cuda/IndexKernel.cu:92: operator(): block: [201,0,0], thread: [94,0,0] Assertion `index >= -sizes[i] && index < sizes[i] && "index out of bounds"` failed.
../aten/src/ATen/native/cuda/IndexKernel.cu:92: operator(): block: [201,0,0], thread: [95,0,0] Assertion `index >= -sizes[i] && index < sizes[i] && "index out of bounds"` failed.
../aten/src/ATen/native/cuda/IndexKernel.cu:92: operator(): block: [239,0,0], thread: [76,0,0] Assertion `index >= -sizes[i] && index < sizes[i] && "index out of bounds"` failed.
../aten/src/ATen/native/cuda/IndexKernel.cu:92: operator(): block: [239,0,0], thread: [77,0,0] Assertion `index >= -sizes[i] && index < sizes[i] && "index out of bounds"` failed.
../aten/src/ATen/native/cuda/IndexKernel.cu:92: operator(): block: [239,0,0], thread: [78,0,0] Assertion `index >= -sizes[i] && index < sizes[i] && "index out of bounds"` failed.
../aten/src/ATen/native/cuda/IndexKernel.cu:92: operator(): block: [239,0,0], thread: [79,0,0] Assertion `index >= -sizes[i] && index < sizes[i] && "index out of bounds"` failed.
../aten/src/ATen/native/cuda/IndexKernel.cu:92: operator(): block: [239,0,0], thread: [80,0,0] Assertion `index >= -sizes[i] && index < sizes[i] && "index out of bounds"` failed.
../aten/src/ATen/native/cuda/IndexKernel.cu:92: operator(): block: [239,0,0], thread: [81,0,0] Assertion `index >= -sizes[i] && index < sizes[i] && "index out of bounds"` failed.
../aten/src/ATen/native/cuda/IndexKernel.cu:92: operator(): block: [239,0,0], thread: [82,0,0] Assertion `index >= -sizes[i] && index < sizes[i] && "index out of bounds"` failed.
../aten/src/ATen/native/cuda/IndexKernel.cu:92: operator(): block: [239,0,0], thread: [83,0,0] Assertion `index >= -sizes[i] && index < sizes[i] && "index out of bounds"` failed.
../aten/src/ATen/native/cuda/IndexKernel.cu:92: operator(): block: [239,0,0], thread: [84,0,0] Assertion `index >= -sizes[i] && index < sizes[i] && "index out of bounds"` failed.
../aten/src/ATen/native/cuda/IndexKernel.cu:92: operator(): block: [239,0,0], thread: [85,0,0] Assertion `index >= -sizes[i] && index < sizes[i] && "index out of bounds"` failed.
../aten/src/ATen/native/cuda/IndexKernel.cu:92: operator(): block: [239,0,0], thread: [86,0,0] Assertion `index >= -sizes[i] && index < sizes[i] && "index out of bounds"` failed.
../aten/src/ATen/native/cuda/IndexKernel.cu:92: operator(): block: [239,0,0], thread: [87,0,0] Assertion `index >= -sizes[i] && index < sizes[i] && "index out of bounds"` failed.
../aten/src/ATen/native/cuda/IndexKernel.cu:92: operator(): block: [239,0,0], thread: [88,0,0] Assertion `index >= -sizes[i] && index < sizes[i] && "index out of bounds"` failed.
../aten/src/ATen/native/cuda/IndexKernel.cu:92: operator(): block: [239,0,0], thread: [89,0,0] Assertion `index >= -sizes[i] && index < sizes[i] && "index out of bounds"` failed.
../aten/src/ATen/native/cuda/IndexKernel.cu:92: operator(): block: [239,0,0], thread: [90,0,0] Assertion `index >= -sizes[i] && index < sizes[i] && "index out of bounds"` failed.
../aten/src/ATen/native/cuda/IndexKernel.cu:92: operator(): block: [239,0,0], thread: [91,0,0] Assertion `index >= -sizes[i] && index < sizes[i] && "index out of bounds"` failed.
../aten/src/ATen/native/cuda/IndexKernel.cu:92: operator(): block: [239,0,0], thread: [92,0,0] Assertion `index >= -sizes[i] && index < sizes[i] && "index out of bounds"` failed.
../aten/src/ATen/native/cuda/IndexKernel.cu:92: operator(): block: [239,0,0], thread: [93,0,0] Assertion `index >= -sizes[i] && index < sizes[i] && "index out of bounds"` failed.
../aten/src/ATen/native/cuda/IndexKernel.cu:92: operator(): block: [239,0,0], thread: [94,0,0] Assertion `index >= -sizes[i] && index < sizes[i] && "index out of bounds"` failed.
../aten/src/ATen/native/cuda/IndexKernel.cu:92: operator(): block: [239,0,0], thread: [95,0,0] Assertion `index >= -sizes[i] && index < sizes[i] && "index out of bounds"` failed.
../aten/src/ATen/native/cuda/IndexKernel.cu:92: operator(): block: [201,0,0], thread: [0,0,0] Assertion `index >= -sizes[i] && index < sizes[i] && "index out of bounds"` failed.
../aten/src/ATen/native/cuda/IndexKernel.cu:92: operator(): block: [201,0,0], thread: [1,0,0] Assertion `index >= -sizes[i] && index < sizes[i] && "index out of bounds"` failed.
../aten/src/ATen/native/cuda/IndexKernel.cu:92: operator(): block: [201,0,0], thread: [2,0,0] Assertion `index >= -sizes[i] && index < sizes[i] && "index out of bounds"` failed.
../aten/src/ATen/native/cuda/IndexKernel.cu:92: operator(): block: [201,0,0], thread: [3,0,0] Assertion `index >= -sizes[i] && index < sizes[i] && "index out of bounds"` failed.
../aten/src/ATen/native/cuda/IndexKernel.cu:92: operator(): block: [201,0,0], thread: [4,0,0] Assertion `index >= -sizes[i] && index < sizes[i] && "index out of bounds"` failed.
../aten/src/ATen/native/cuda/IndexKernel.cu:92: operator(): block: [201,0,0], thread: [5,0,0] Assertion `index >= -sizes[i] && index < sizes[i] && "index out of bounds"` failed.
../aten/src/ATen/native/cuda/IndexKernel.cu:92: operator(): block: [201,0,0], thread: [6,0,0] Assertion `index >= -sizes[i] && index < sizes[i] && "index out of bounds"` failed.
../aten/src/ATen/native/cuda/IndexKernel.cu:92: operator(): block: [201,0,0], thread: [7,0,0] Assertion `index >= -sizes[i] && index < sizes[i] && "index out of bounds"` failed.
../aten/src/ATen/native/cuda/IndexKernel.cu:92: operator(): block: [201,0,0], thread: [8,0,0] Assertion `index >= -sizes[i] && index < sizes[i] && "index out of bounds"` failed.
../aten/src/ATen/native/cuda/IndexKernel.cu:92: operator(): block: [201,0,0], thread: [9,0,0] Assertion `index >= -sizes[i] && index < sizes[i] && "index out of bounds"` failed.
../aten/src/ATen/native/cuda/IndexKernel.cu:92: operator(): block: [201,0,0], thread: [10,0,0] Assertion `index >= -sizes[i] && index < sizes[i] && "index out of bounds"` failed.
../aten/src/ATen/native/cuda/IndexKernel.cu:92: operator(): block: [201,0,0], thread: [11,0,0] Assertion `index >= -sizes[i] && index < sizes[i] && "index out of bounds"` failed.
../aten/src/ATen/native/cuda/IndexKernel.cu:92: operator(): block: [201,0,0], thread: [12,0,0] Assertion `index >= -sizes[i] && index < sizes[i] && "index out of bounds"` failed.
../aten/src/ATen/native/cuda/IndexKernel.cu:92: operator(): block: [201,0,0], thread: [13,0,0] Assertion `index >= -sizes[i] && index < sizes[i] && "index out of bounds"` failed.
../aten/src/ATen/native/cuda/IndexKernel.cu:92: operator(): block: [201,0,0], thread: [14,0,0] Assertion `index >= -sizes[i] && index < sizes[i] && "index out of bounds"` failed.
../aten/src/ATen/native/cuda/IndexKernel.cu:92: operator(): block: [201,0,0], thread: [15,0,0] Assertion `index >= -sizes[i] && index < sizes[i] && "index out of bounds"` failed.
../aten/src/ATen/native/cuda/IndexKernel.cu:92: operator(): block: [201,0,0], thread: [16,0,0] Assertion `index >= -sizes[i] && index < sizes[i] && "index out of bounds"` failed.
../aten/src/ATen/native/cuda/IndexKernel.cu:92: operator(): block: [201,0,0], thread: [17,0,0] Assertion `index >= -sizes[i] && index < sizes[i] && "index out of bounds"` failed.
../aten/src/ATen/native/cuda/IndexKernel.cu:92: operator(): block: [201,0,0], thread: [18,0,0] Assertion `index >= -sizes[i] && index < sizes[i] && "index out of bounds"` failed.
../aten/src/ATen/native/cuda/IndexKernel.cu:92: operator(): block: [201,0,0], thread: [19,0,0] Assertion `index >= -sizes[i] && index < sizes[i] && "index out of bounds"` failed.
../aten/src/ATen/native/cuda/IndexKernel.cu:92: operator(): block: [201,0,0], thread: [20,0,0] Assertion `index >= -sizes[i] && index < sizes[i] && "index out of bounds"` failed.
../aten/src/ATen/native/cuda/IndexKernel.cu:92: operator(): block: [201,0,0], thread: [21,0,0] Assertion `index >= -sizes[i] && index < sizes[i] && "index out of bounds"` failed.
../aten/src/ATen/native/cuda/IndexKernel.cu:92: operator(): block: [201,0,0], thread: [22,0,0] Assertion `index >= -sizes[i] && index < sizes[i] && "index out of bounds"` failed.
../aten/src/ATen/native/cuda/IndexKernel.cu:92: operator(): block: [201,0,0], thread: [23,0,0] Assertion `index >= -sizes[i] && index < sizes[i] && "index out of bounds"` failed.
../aten/src/ATen/native/cuda/IndexKernel.cu:92: operator(): block: [201,0,0], thread: [24,0,0] Assertion `index >= -sizes[i] && index < sizes[i] && "index out of bounds"` failed.
../aten/src/ATen/native/cuda/IndexKernel.cu:92: operator(): block: [201,0,0], thread: [25,0,0] Assertion `index >= -sizes[i] && index < sizes[i] && "index out of bounds"` failed.
../aten/src/ATen/native/cuda/IndexKernel.cu:92: operator(): block: [201,0,0], thread: [26,0,0] Assertion `index >= -sizes[i] && index < sizes[i] && "index out of bounds"` failed.
../aten/src/ATen/native/cuda/IndexKernel.cu:92: operator(): block: [201,0,0], thread: [27,0,0] Assertion `index >= -sizes[i] && index < sizes[i] && "index out of bounds"` failed.
../aten/src/ATen/native/cuda/IndexKernel.cu:92: operator(): block: [201,0,0], thread: [28,0,0] Assertion `index >= -sizes[i] && index < sizes[i] && "index out of bounds"` failed.
../aten/src/ATen/native/cuda/IndexKernel.cu:92: operator(): block: [201,0,0], thread: [29,0,0] Assertion `index >= -sizes[i] && index < sizes[i] && "index out of bounds"` failed.
../aten/src/ATen/native/cuda/IndexKernel.cu:92: operator(): block: [201,0,0], thread: [30,0,0] Assertion `index >= -sizes[i] && index < sizes[i] && "index out of bounds"` failed.
../aten/src/ATen/native/cuda/IndexKernel.cu:92: operator(): block: [201,0,0], thread: [31,0,0] Assertion `index >= -sizes[i] && index < sizes[i] && "index out of bounds"` failed.
../aten/src/ATen/native/cuda/IndexKernel.cu:92: operator(): block: [106,0,0], thread: [0,0,0] Assertion `index >= -sizes[i] && index < sizes[i] && "index out of bounds"` failed.
../aten/src/ATen/native/cuda/IndexKernel.cu:92: operator(): block: [106,0,0], thread: [1,0,0] Assertion `index >= -sizes[i] && index < sizes[i] && "index out of bounds"` failed.
../aten/src/ATen/native/cuda/IndexKernel.cu:92: operator(): block: [106,0,0], thread: [2,0,0] Assertion `index >= -sizes[i] && index < sizes[i] && "index out of bounds"` failed.
../aten/src/ATen/native/cuda/IndexKernel.cu:92: operator(): block: [106,0,0], thread: [3,0,0] Assertion `index >= -sizes[i] && index < sizes[i] && "index out of bounds"` failed.
../aten/src/ATen/native/cuda/IndexKernel.cu:92: operator(): block: [106,0,0], thread: [4,0,0] Assertion `index >= -sizes[i] && index < sizes[i] && "index out of bounds"` failed.
../aten/src/ATen/native/cuda/IndexKernel.cu:92: operator(): block: [106,0,0], thread: [5,0,0] Assertion `index >= -sizes[i] && index < sizes[i] && "index out of bounds"` failed.
../aten/src/ATen/native/cuda/IndexKernel.cu:92: operator(): block: [106,0,0], thread: [6,0,0] Assertion `index >= -sizes[i] && index < sizes[i] && "index out of bounds"` failed.
../aten/src/ATen/native/cuda/IndexKernel.cu:92: operator(): block: [106,0,0], thread: [7,0,0] Assertion `index >= -sizes[i] && index < sizes[i] && "index out of bounds"` failed.
../aten/src/ATen/native/cuda/IndexKernel.cu:92: operator(): block: [106,0,0], thread: [8,0,0] Assertion `index >= -sizes[i] && index < sizes[i] && "index out of bounds"` failed.
../aten/src/ATen/native/cuda/IndexKernel.cu:92: operator(): block: [106,0,0], thread: [9,0,0] Assertion `index >= -sizes[i] && index < sizes[i] && "index out of bounds"` failed.
../aten/src/ATen/native/cuda/IndexKernel.cu:92: operator(): block: [106,0,0], thread: [10,0,0] Assertion `index >= -sizes[i] && index < sizes[i] && "index out of bounds"` failed.
../aten/src/ATen/native/cuda/IndexKernel.cu:92: operator(): block: [106,0,0], thread: [11,0,0] Assertion `index >= -sizes[i] && index < sizes[i] && "index out of bounds"` failed.
../aten/src/ATen/native/cuda/IndexKernel.cu:92: operator(): block: [106,0,0], thread: [12,0,0] Assertion `index >= -sizes[i] && index < sizes[i] && "index out of bounds"` failed.
../aten/src/ATen/native/cuda/IndexKernel.cu:92: operator(): block: [106,0,0], thread: [13,0,0] Assertion `index >= -sizes[i] && index < sizes[i] && "index out of bounds"` failed.
../aten/src/ATen/native/cuda/IndexKernel.cu:92: operator(): block: [106,0,0], thread: [14,0,0] Assertion `index >= -sizes[i] && index < sizes[i] && "index out of bounds"` failed.
../aten/src/ATen/native/cuda/IndexKernel.cu:92: operator(): block: [106,0,0], thread: [15,0,0] Assertion `index >= -sizes[i] && index < sizes[i] && "index out of bounds"` failed.
../aten/src/ATen/native/cuda/IndexKernel.cu:92: operator(): block: [106,0,0], thread: [16,0,0] Assertion `index >= -sizes[i] && index < sizes[i] && "index out of bounds"` failed.
../aten/src/ATen/native/cuda/IndexKernel.cu:92: operator(): block: [106,0,0], thread: [17,0,0] Assertion `index >= -sizes[i] && index < sizes[i] && "index out of bounds"` failed.
../aten/src/ATen/native/cuda/IndexKernel.cu:92: operator(): block: [106,0,0], thread: [18,0,0] Assertion `index >= -sizes[i] && index < sizes[i] && "index out of bounds"` failed.
../aten/src/ATen/native/cuda/IndexKernel.cu:92: operator(): block: [106,0,0], thread: [19,0,0] Assertion `index >= -sizes[i] && index < sizes[i] && "index out of bounds"` failed.
../aten/src/ATen/native/cuda/IndexKernel.cu:92: operator(): block: [106,0,0], thread: [20,0,0] Assertion `index >= -sizes[i] && index < sizes[i] && "index out of bounds"` failed.
../aten/src/ATen/native/cuda/IndexKernel.cu:92: operator(): block: [106,0,0], thread: [21,0,0] Assertion `index >= -sizes[i] && index < sizes[i] && "index out of bounds"` failed.
../aten/src/ATen/native/cuda/IndexKernel.cu:92: operator(): block: [106,0,0], thread: [22,0,0] Assertion `index >= -sizes[i] && index < sizes[i] && "index out of bounds"` failed.
../aten/src/ATen/native/cuda/IndexKernel.cu:92: operator(): block: [106,0,0], thread: [23,0,0] Assertion `index >= -sizes[i] && index < sizes[i] && "index out of bounds"` failed.
../aten/src/ATen/native/cuda/IndexKernel.cu:92: operator(): block: [106,0,0], thread: [24,0,0] Assertion `index >= -sizes[i] && index < sizes[i] && "index out of bounds"` failed.
../aten/src/ATen/native/cuda/IndexKernel.cu:92: operator(): block: [106,0,0], thread: [25,0,0] Assertion `index >= -sizes[i] && index < sizes[i] && "index out of bounds"` failed.
../aten/src/ATen/native/cuda/IndexKernel.cu:92: operator(): block: [106,0,0], thread: [26,0,0] Assertion `index >= -sizes[i] && index < sizes[i] && "index out of bounds"` failed.
../aten/src/ATen/native/cuda/IndexKernel.cu:92: operator(): block: [106,0,0], thread: [27,0,0] Assertion `index >= -sizes[i] && index < sizes[i] && "index out of bounds"` failed.
../aten/src/ATen/native/cuda/IndexKernel.cu:92: operator(): block: [201,0,0], thread: [96,0,0] Assertion `index >= -sizes[i] && index < sizes[i] && "index out of bounds"` failed.
../aten/src/ATen/native/cuda/IndexKernel.cu:92: operator(): block: [201,0,0], thread: [97,0,0] Assertion `index >= -sizes[i] && index < sizes[i] && "index out of bounds"` failed.
../aten/src/ATen/native/cuda/IndexKernel.cu:92: operator(): block: [201,0,0], thread: [98,0,0] Assertion `index >= -sizes[i] && index < sizes[i] && "index out of bounds"` failed.
../aten/src/ATen/native/cuda/IndexKernel.cu:92: operator(): block: [201,0,0], thread: [99,0,0] Assertion `index >= -sizes[i] && index < sizes[i] && "index out of bounds"` failed.
../aten/src/ATen/native/cuda/IndexKernel.cu:92: operator(): block: [201,0,0], thread: [100,0,0] Assertion `index >= -sizes[i] && index < sizes[i] && "index out of bounds"` failed.
../aten/src/ATen/native/cuda/IndexKernel.cu:92: operator(): block: [201,0,0], thread: [101,0,0] Assertion `index >= -sizes[i] && index < sizes[i] && "index out of bounds"` failed.
../aten/src/ATen/native/cuda/IndexKernel.cu:92: operator(): block: [201,0,0], thread: [102,0,0] Assertion `index >= -sizes[i] && index < sizes[i] && "index out of bounds"` failed.
../aten/src/ATen/native/cuda/IndexKernel.cu:92: operator(): block: [201,0,0], thread: [103,0,0] Assertion `index >= -sizes[i] && index < sizes[i] && "index out of bounds"` failed.
../aten/src/ATen/native/cuda/IndexKernel.cu:92: operator(): block: [201,0,0], thread: [104,0,0] Assertion `index >= -sizes[i] && index < sizes[i] && "index out of bounds"` failed.
../aten/src/ATen/native/cuda/IndexKernel.cu:92: operator(): block: [201,0,0], thread: [105,0,0] Assertion `index >= -sizes[i] && index < sizes[i] && "index out of bounds"` failed.
../aten/src/ATen/native/cuda/IndexKernel.cu:92: operator(): block: [201,0,0], thread: [106,0,0] Assertion `index >= -sizes[i] && index < sizes[i] && "index out of bounds"` failed.
../aten/src/ATen/native/cuda/IndexKernel.cu:92: operator(): block: [201,0,0], thread: [107,0,0] Assertion `index >= -sizes[i] && index < sizes[i] && "index out of bounds"` failed.
../aten/src/ATen/native/cuda/IndexKernel.cu:92: operator(): block: [201,0,0], thread: [108,0,0] Assertion `index >= -sizes[i] && index < sizes[i] && "index out of bounds"` failed.
../aten/src/ATen/native/cuda/IndexKernel.cu:92: operator(): block: [201,0,0], thread: [109,0,0] Assertion `index >= -sizes[i] && index < sizes[i] && "index out of bounds"` failed.
../aten/src/ATen/native/cuda/IndexKernel.cu:92: operator(): block: [201,0,0], thread: [110,0,0] Assertion `index >= -sizes[i] && index < sizes[i] && "index out of bounds"` failed.
../aten/src/ATen/native/cuda/IndexKernel.cu:92: operator(): block: [201,0,0], thread: [111,0,0] Assertion `index >= -sizes[i] && index < sizes[i] && "index out of bounds"` failed.
../aten/src/ATen/native/cuda/IndexKernel.cu:92: operator(): block: [201,0,0], thread: [112,0,0] Assertion `index >= -sizes[i] && index < sizes[i] && "index out of bounds"` failed.
../aten/src/ATen/native/cuda/IndexKernel.cu:92: operator(): block: [201,0,0], thread: [113,0,0] Assertion `index >= -sizes[i] && index < sizes[i] && "index out of bounds"` failed.
../aten/src/ATen/native/cuda/IndexKernel.cu:92: operator(): block: [201,0,0], thread: [114,0,0] Assertion `index >= -sizes[i] && index < sizes[i] && "index out of bounds"` failed.
../aten/src/ATen/native/cuda/IndexKernel.cu:92: operator(): block: [201,0,0], thread: [115,0,0] Assertion `index >= -sizes[i] && index < sizes[i] && "index out of bounds"` failed.
../aten/src/ATen/native/cuda/IndexKernel.cu:92: operator(): block: [201,0,0], thread: [116,0,0] Assertion `index >= -sizes[i] && index < sizes[i] && "index out of bounds"` failed.
../aten/src/ATen/native/cuda/IndexKernel.cu:92: operator(): block: [201,0,0], thread: [117,0,0] Assertion `index >= -sizes[i] && index < sizes[i] && "index out of bounds"` failed.
../aten/src/ATen/native/cuda/IndexKernel.cu:92: operator(): block: [201,0,0], thread: [118,0,0] Assertion `index >= -sizes[i] && index < sizes[i] && "index out of bounds"` failed.
../aten/src/ATen/native/cuda/IndexKernel.cu:92: operator(): block: [201,0,0], thread: [119,0,0] Assertion `index >= -sizes[i] && index < sizes[i] && "index out of bounds"` failed.
../aten/src/ATen/native/cuda/IndexKernel.cu:92: operator(): block: [201,0,0], thread: [120,0,0] Assertion `index >= -sizes[i] && index < sizes[i] && "index out of bounds"` failed.
../aten/src/ATen/native/cuda/IndexKernel.cu:92: operator(): block: [201,0,0], thread: [121,0,0] Assertion `index >= -sizes[i] && index < sizes[i] && "index out of bounds"` failed.
../aten/src/ATen/native/cuda/IndexKernel.cu:92: operator(): block: [201,0,0], thread: [122,0,0] Assertion `index >= -sizes[i] && index < sizes[i] && "index out of bounds"` failed.
../aten/src/ATen/native/cuda/IndexKernel.cu:92: operator(): block: [201,0,0], thread: [123,0,0] Assertion `index >= -sizes[i] && index < sizes[i] && "index out of bounds"` failed.
../aten/src/ATen/native/cuda/IndexKernel.cu:92: operator(): block: [201,0,0], thread: [124,0,0] Assertion `index >= -sizes[i] && index < sizes[i] && "index out of bounds"` failed.
../aten/src/ATen/native/cuda/IndexKernel.cu:92: operator(): block: [201,0,0], thread: [125,0,0] Assertion `index >= -sizes[i] && index < sizes[i] && "index out of bounds"` failed.
../aten/src/ATen/native/cuda/IndexKernel.cu:92: operator(): block: [201,0,0], thread: [126,0,0] Assertion `index >= -sizes[i] && index < sizes[i] && "index out of bounds"` failed.
../aten/src/ATen/native/cuda/IndexKernel.cu:92: operator(): block: [201,0,0], thread: [127,0,0] Assertion `index >= -sizes[i] && index < sizes[i] && "index out of bounds"` failed.
Traceback (most recent call last):
  File "/workspace/Graph-neural-network/main.py", line 170, in <module>
    run(args)
  File "/workspace/Graph-neural-network/main.py", line 65, in run
    train_one_epoch(f2c_dict, model, loss_func, optimizer, txl, txr, ty, fold, epoch, args.batch_size, args.label_type, device)
  File "/workspace/Graph-neural-network/train_test.py", line 20, in train_one_epoch
    y_pred = model(x_left, x_right, f2c)
  File "/workspace/hetddi/lib/python3.10/site-packages/torch/nn/modules/module.py", line 1194, in _call_impl
    return forward_call(*input, **kwargs)
  File "/workspace/Graph-neural-network/model/HetDDI.py", line 117, in forward
    mol_emb = self.mol()
  File "/workspace/hetddi/lib/python3.10/site-packages/torch/nn/modules/module.py", line 1194, in _call_impl
    return forward_call(*input, **kwargs)
  File "/workspace/Graph-neural-network/model/mol.py", line 40, in forward
    result = self.readout(self.mol_g, self.gnn())
  File "/workspace/hetddi/lib/python3.10/site-packages/torch/nn/modules/module.py", line 1194, in _call_impl
    return forward_call(*input, **kwargs)
  File "/workspace/Graph-neural-network/model/hgnn.py", line 114, in forward
    node_feats = self.gat_layers[l](self.g, all_layer_node_feats[-1], self.edges)
  File "/workspace/hetddi/lib/python3.10/site-packages/torch/nn/modules/module.py", line 1194, in _call_impl
    return forward_call(*input, **kwargs)
  File "/workspace/Graph-neural-network/model/hgnn.py", line 47, in forward
    nodes_feat = nodes_feat * self.nodes_fc[0]
RuntimeError: CUDA error: device-side assert triggered
CUDA kernel errors might be asynchronously reported at some other API call,so the stacktrace below might be incorrect.
For debugging consider passing CUDA_LAUNCH_BLOCKING=1.
